<?xml version="1.0" encoding="UTF-8"?>
<testng-results ignored="0" total="4" passed="4" failed="0" skipped="0">
  <reporter-output>
  </reporter-output>
  <suite started-at="2023-04-19T11:36:49 IST" name="Default suite" finished-at="2023-04-19T11:36:59 IST" duration-ms="9242">
    <groups>
    </groups>
    <test started-at="2023-04-19T11:36:49 IST" name="Default test" finished-at="2023-04-19T11:36:59 IST" duration-ms="9242">
      <class name="parallelExecution.Class2">
        <test-method signature="Main()[pri:0, instance:parallelExecution.Class2@3e6ef8ad]" started-at="2023-04-19T11:36:49 IST" name="Main" finished-at="2023-04-19T11:36:51 IST" duration-ms="1913" status="PASS">
          <reporter-output>
          </reporter-output>
        </test-method> <!-- Main -->
      </class> <!-- parallelExecution.Class2 -->
      <class name="parallelExecution.Class1">
        <test-method signature="Main()[pri:0, instance:parallelExecution.Class1@625732]" started-at="2023-04-19T11:36:51 IST" name="Main" finished-at="2023-04-19T11:36:53 IST" duration-ms="1531" status="PASS">
          <reporter-output>
          </reporter-output>
        </test-method> <!-- Main -->
      </class> <!-- parallelExecution.Class1 -->
      <class name="parallelExecution.Class4">
        <test-method signature="Main()[pri:0, instance:parallelExecution.Class4@51dcb805]" started-at="2023-04-19T11:36:53 IST" name="Main" finished-at="2023-04-19T11:36:57 IST" duration-ms="3943" status="PASS">
          <reporter-output>
          </reporter-output>
        </test-method> <!-- Main -->
      </class> <!-- parallelExecution.Class4 -->
      <class name="parallelExecution.Class3">
        <test-method signature="Main()[pri:0, instance:parallelExecution.Class3@66498326]" started-at="2023-04-19T11:36:57 IST" name="Main" finished-at="2023-04-19T11:36:59 IST" duration-ms="1827" status="PASS">
          <reporter-output>
          </reporter-output>
        </test-method> <!-- Main -->
      </class> <!-- parallelExecution.Class3 -->
    </test> <!-- Default test -->
  </suite> <!-- Default suite -->
</testng-results>
