<?xml version="1.0" encoding="UTF-8"?>
<testng-results ignored="0" total="4" passed="4" failed="0" skipped="0">
  <reporter-output>
  </reporter-output>
  <suite started-at="2022-11-30T10:41:56 IST" name="Suite" finished-at="2022-11-30T10:42:04 IST" duration-ms="8047">
    <groups>
    </groups>
    <test started-at="2022-11-30T10:41:56 IST" name="Test" finished-at="2022-11-30T10:42:04 IST" duration-ms="8047">
      <class name="parallelExecution.Class2">
        <test-method signature="Main()[pri:0, instance:parallelExecution.Class2@3e6ef8ad]" started-at="2022-11-30T10:41:56 IST" name="Main" finished-at="2022-11-30T10:41:58 IST" duration-ms="2221" status="PASS">
          <reporter-output>
          </reporter-output>
        </test-method> <!-- Main -->
      </class> <!-- parallelExecution.Class2 -->
      <class name="parallelExecution.Class1">
        <test-method signature="Main()[pri:0, instance:parallelExecution.Class1@625732]" started-at="2022-11-30T10:41:58 IST" name="Main" finished-at="2022-11-30T10:42:00 IST" duration-ms="1645" status="PASS">
          <reporter-output>
          </reporter-output>
        </test-method> <!-- Main -->
      </class> <!-- parallelExecution.Class1 -->
      <class name="parallelExecution.Class4">
        <test-method signature="Main()[pri:0, instance:parallelExecution.Class4@51dcb805]" started-at="2022-11-30T10:42:00 IST" name="Main" finished-at="2022-11-30T10:42:03 IST" duration-ms="2667" status="PASS">
          <reporter-output>
          </reporter-output>
        </test-method> <!-- Main -->
      </class> <!-- parallelExecution.Class4 -->
      <class name="parallelExecution.Class3">
        <test-method signature="Main()[pri:0, instance:parallelExecution.Class3@66498326]" started-at="2022-11-30T10:42:03 IST" name="Main" finished-at="2022-11-30T10:42:04 IST" duration-ms="1482" status="PASS">
          <reporter-output>
          </reporter-output>
        </test-method> <!-- Main -->
      </class> <!-- parallelExecution.Class3 -->
    </test> <!-- Test -->
  </suite> <!-- Suite -->
</testng-results>
