<?xml version="1.0" encoding="UTF-8"?>
<!-- Generated by org.testng.reporters.JUnitXMLReporter -->
<testsuite ignored="12" hostname="MSI" failures="0" tests="12" name="Groupexample" time="0.048" errors="0" timestamp="2023-03-29T12:03:18 IST">
  <testcase classname="testNGflags.FlagGroup" name="functionalTest1" time="0.005"/>
  <testcase classname="testNGflags.FlagGroup" name="functionalTest2" time="0.001"/>
  <testcase classname="testNGflags.FlagGroup" name="functionalTest3" time="0.001"/>
  <testcase classname="testNGflags.FlagGroup" name="functionalTest4" time="0.001"/>
  <testcase classname="testNGflags.FlagGroup" name="functionalTest5" time="0.001"/>
  <testcase classname="testNGflags.FlagGroup" name="functionalTest6" time="0.0"/>
  <testcase classname="testNGflags.FlagGroup" name="integrationTest1" time="0.001"/>
  <testcase classname="testNGflags.FlagGroup" name="integrationTest2" time="0.0"/>
  <testcase classname="testNGflags.FlagGroup" name="integrationTest3" time="0.0"/>
  <testcase classname="testNGflags.FlagGroup" name="integrationTest4" time="0.0"/>
  <testcase classname="testNGflags.FlagGroup" name="integrationTest5" time="0.001"/>
  <testcase classname="testNGflags.FlagGroup" name="integrationTest6" time="0.001"/>
  <testcase classname="testNGflags.FlagGroup" name="smokeTest5" time="0.0">
    <ignored/>
  </testcase> <!-- smokeTest5 -->
  <testcase classname="testNGflags.FlagGroup" name="systemTest2" time="0.0">
    <ignored/>
  </testcase> <!-- systemTest2 -->
  <testcase classname="testNGflags.FlagGroup" name="smokeTest3" time="0.0">
    <ignored/>
  </testcase> <!-- smokeTest3 -->
  <testcase classname="testNGflags.FlagGroup" name="smokeTest6" time="0.0">
    <ignored/>
  </testcase> <!-- smokeTest6 -->
  <testcase classname="testNGflags.FlagGroup" name="smokeTest1" time="0.0">
    <ignored/>
  </testcase> <!-- smokeTest1 -->
  <testcase classname="testNGflags.FlagGroup" name="smokeTest4" time="0.0">
    <ignored/>
  </testcase> <!-- smokeTest4 -->
  <testcase classname="testNGflags.FlagGroup" name="systemTest5" time="0.0">
    <ignored/>
  </testcase> <!-- systemTest5 -->
  <testcase classname="testNGflags.FlagGroup" name="smokeTest2" time="0.0">
    <ignored/>
  </testcase> <!-- smokeTest2 -->
  <testcase classname="testNGflags.FlagGroup" name="systemTest1" time="0.0">
    <ignored/>
  </testcase> <!-- systemTest1 -->
  <testcase classname="testNGflags.FlagGroup" name="systemTest4" time="0.0">
    <ignored/>
  </testcase> <!-- systemTest4 -->
  <testcase classname="testNGflags.FlagGroup" name="systemTest3" time="0.0">
    <ignored/>
  </testcase> <!-- systemTest3 -->
  <testcase classname="testNGflags.FlagGroup" name="systemTest6" time="0.0">
    <ignored/>
  </testcase> <!-- systemTest6 -->
</testsuite> <!-- Groupexample -->
