<?xml version="1.0" encoding="UTF-8"?>
<!-- Generated by org.testng.reporters.JUnitXMLReporter -->
<testsuite ignored="0" hostname="MSI" failures="0" tests="4" name="ParallelTestExecution" time="0.045" errors="0" timestamp="2022-11-27T19:31:36 IST">
  <testcase classname="parallelExecution.Class2" name="test2" time="0.005"/>
  <testcase classname="parallelExecution.Class3" name="test3" time="0.005"/>
  <testcase classname="parallelExecution.Class4" name="test4" time="0.005"/>
  <testcase classname="parallelExecution.Class1" name="test1" time="0.005"/>
</testsuite> <!-- ParallelTestExecution -->
