<?xml version="1.0" encoding="UTF-8"?>
<!-- Generated by org.testng.reporters.JUnitXMLReporter -->
<testsuite ignored="0" hostname="MSI" failures="0" tests="4" name="Testxml" time="10.168" errors="0" timestamp="2023-04-19T11:35:54 IST">
  <testcase classname="SerialExecution.Class4" name="Main" time="4.451"/>
  <testcase classname="SerialExecution.Class2" name="Main" time="1.44"/>
  <testcase classname="SerialExecution.Class3" name="Main" time="1.993"/>
  <testcase classname="SerialExecution.Class1" name="Main" time="2.258"/>
</testsuite> <!-- Testxml -->
