<?xml version="1.0" encoding="UTF-8"?>
<!-- Generated by org.testng.reporters.JUnitXMLReporter -->
<testsuite ignored="0" hostname="MSI" failures="0" tests="4" name="Test" time="8.265" errors="0" timestamp="2023-04-19T11:36:11 IST">
  <testcase classname="parallelExecution.Class2" name="Main" time="1.993"/>
  <testcase classname="parallelExecution.Class1" name="Main" time="1.469"/>
  <testcase classname="parallelExecution.Class4" name="Main" time="3.108"/>
  <testcase classname="parallelExecution.Class3" name="Main" time="1.669"/>
</testsuite> <!-- Test -->
