<?xml version="1.0" encoding="UTF-8"?>
<!-- Generated by org.testng.reporters.JUnitXMLReporter -->
<testsuite ignored="0" hostname="MSI" failures="0" tests="4" name="Testxml" time="11.605" errors="0" timestamp="2022-11-27T19:46:20 IST">
  <testcase classname="SerialExecution.Class4" name="Main" time="4.268"/>
  <testcase classname="SerialExecution.Class2" name="Main" time="1.476"/>
  <testcase classname="SerialExecution.Class3" name="Main" time="3.932"/>
  <testcase classname="SerialExecution.Class1" name="Main" time="1.882"/>
</testsuite> <!-- Testxml -->
