<?xml version="1.0" encoding="UTF-8"?>
<!-- Generated by org.testng.reporters.JUnitXMLReporter -->
<testsuite ignored="0" hostname="MSI" failures="0" tests="4" name="Test" time="8.047" errors="0" timestamp="2022-11-30T10:42:04 IST">
  <testcase classname="parallelExecution.Class2" name="Main" time="2.221"/>
  <testcase classname="parallelExecution.Class1" name="Main" time="1.645"/>
  <testcase classname="parallelExecution.Class4" name="Main" time="2.667"/>
  <testcase classname="parallelExecution.Class3" name="Main" time="1.482"/>
</testsuite> <!-- Test -->
